c:\users\daunil\source\repos\mp2-lab5-polynom\base\base\debug\base.pch
c:\users\daunil\source\repos\mp2-lab5-polynom\base\base\debug\vc141.pdb
c:\users\daunil\source\repos\mp2-lab5-polynom\base\base\debug\vc141.idb
c:\users\daunil\source\repos\mp2-lab5-polynom\base\base\debug\pch.obj
c:\users\daunil\source\repos\mp2-lab5-polynom\base\base\debug\polynom.obj
c:\users\daunil\source\repos\mp2-lab5-polynom\base\base\debug\main_sample.obj
c:\users\daunil\source\repos\mp2-lab5-polynom\base\base\debug\frac.obj
c:\users\daunil\source\repos\mp2-lab5-polynom\base\base\debug\main_sample.obj.enc
c:\users\daunil\source\repos\mp2-lab5-polynom\base\base\debug\polynom.obj.enc
c:\users\daunil\source\repos\mp2-lab5-polynom\base\debug\base.pdb
c:\users\daunil\source\repos\mp2-lab5-polynom\base\base\debug\base.tlog\cl.command.1.tlog
c:\users\daunil\source\repos\mp2-lab5-polynom\base\base\debug\base.tlog\cl.read.1.tlog
c:\users\daunil\source\repos\mp2-lab5-polynom\base\base\debug\base.tlog\cl.write.1.tlog
c:\users\daunil\source\repos\mp2-lab5-polynom\base\base\debug\base.tlog\link-cvtres.read.1.tlog
c:\users\daunil\source\repos\mp2-lab5-polynom\base\base\debug\base.tlog\link-cvtres.write.1.tlog
c:\users\daunil\source\repos\mp2-lab5-polynom\base\base\debug\base.tlog\link-rc.read.1.tlog
c:\users\daunil\source\repos\mp2-lab5-polynom\base\base\debug\base.tlog\link-rc.write.1.tlog
c:\users\daunil\source\repos\mp2-lab5-polynom\base\base\debug\base.tlog\link.command.1.tlog
c:\users\daunil\source\repos\mp2-lab5-polynom\base\base\debug\base.tlog\link.read.1.tlog
c:\users\daunil\source\repos\mp2-lab5-polynom\base\base\debug\base.tlog\link.write.1.tlog
